2026-01-04 17:24:31,017 - INFO - Succesfully read the YAML file
2026-01-04 17:24:31,018 - INFO - Loading data from RAW directory
2026-01-04 17:24:31,018 - INFO - Loading data
2026-01-04 17:24:31,167 - INFO - Loading data
2026-01-04 17:24:31,212 - INFO - Starting our Data Processing step
2026-01-04 17:24:31,213 - INFO - Dropping the columns
2026-01-04 17:24:31,241 - INFO - Applying Label Encoding
2026-01-04 17:24:31,262 - INFO - Label Mappings are : 
2026-01-04 17:24:31,262 - INFO - type_of_meal_plan : {'Meal Plan 1': np.int64(0), 'Meal Plan 2': np.int64(1), 'Meal Plan 3': np.int64(2), 'Not Selected': np.int64(3)}
2026-01-04 17:24:31,262 - INFO - required_car_parking_space : {np.int64(0): np.int64(0), np.int64(1): np.int64(1)}
2026-01-04 17:24:31,263 - INFO - room_type_reserved : {'Room_Type 1': np.int64(0), 'Room_Type 2': np.int64(1), 'Room_Type 3': np.int64(2), 'Room_Type 4': np.int64(3), 'Room_Type 5': np.int64(4), 'Room_Type 6': np.int64(5), 'Room_Type 7': np.int64(6)}
2026-01-04 17:24:31,263 - INFO - market_segment_type : {'Aviation': np.int64(0), 'Complementary': np.int64(1), 'Corporate': np.int64(2), 'Offline': np.int64(3), 'Online': np.int64(4)}
2026-01-04 17:24:31,263 - INFO - repeated_guest : {np.int64(0): np.int64(0), np.int64(1): np.int64(1)}
2026-01-04 17:24:31,263 - INFO - booking_status : {'Canceled': np.int64(0), 'Not_Canceled': np.int64(1)}
2026-01-04 17:24:31,263 - INFO - Doing Skewness HAndling
2026-01-04 17:24:31,270 - INFO - Starting our Data Processing step
2026-01-04 17:24:31,271 - INFO - Dropping the columns
2026-01-04 17:24:31,279 - INFO - Applying Label Encoding
2026-01-04 17:24:31,289 - INFO - Label Mappings are : 
2026-01-04 17:24:31,289 - INFO - type_of_meal_plan : {'Meal Plan 1': np.int64(0), 'Meal Plan 2': np.int64(1), 'Meal Plan 3': np.int64(2), 'Not Selected': np.int64(3)}
2026-01-04 17:24:31,289 - INFO - required_car_parking_space : {np.int64(0): np.int64(0), np.int64(1): np.int64(1)}
2026-01-04 17:24:31,289 - INFO - room_type_reserved : {'Room_Type 1': np.int64(0), 'Room_Type 2': np.int64(1), 'Room_Type 3': np.int64(2), 'Room_Type 4': np.int64(3), 'Room_Type 5': np.int64(4), 'Room_Type 6': np.int64(5), 'Room_Type 7': np.int64(6)}
2026-01-04 17:24:31,289 - INFO - market_segment_type : {'Aviation': np.int64(0), 'Complementary': np.int64(1), 'Corporate': np.int64(2), 'Offline': np.int64(3), 'Online': np.int64(4)}
2026-01-04 17:24:31,289 - INFO - repeated_guest : {np.int64(0): np.int64(0), np.int64(1): np.int64(1)}
2026-01-04 17:24:31,289 - INFO - booking_status : {'Canceled': np.int64(0), 'Not_Canceled': np.int64(1)}
2026-01-04 17:24:31,289 - INFO - Doing Skewness HAndling
2026-01-04 17:24:31,294 - INFO - Handling Imbalanced Data
2026-01-04 17:24:36,688 - INFO - Data balanced sucesffuly
2026-01-04 17:24:36,689 - INFO - Handling Imbalanced Data
2026-01-04 17:24:36,721 - INFO - Data balanced sucesffuly
2026-01-04 17:24:36,722 - INFO - Starting our Feature selection step
2026-01-04 17:24:41,465 - INFO - Features selected : ['lead_time' 'no_of_special_requests' 'avg_price_per_room' 'arrival_month'
 'arrival_date' 'market_segment_type' 'no_of_week_nights'
 'no_of_weekend_nights' 'room_type_reserved' 'type_of_meal_plan']
2026-01-04 17:24:41,467 - INFO - Feature slection completed sucesfully
2026-01-04 17:24:41,494 - INFO - Saving our data in processed folder
2026-01-04 17:24:41,692 - INFO - Data saved sucesfuly to artifacts/processed\processed_train.csv
2026-01-04 17:24:41,693 - INFO - Saving our data in processed folder
2026-01-04 17:24:41,730 - INFO - Data saved sucesfuly to artifacts/processed\processed_test.csv
2026-01-04 17:24:41,730 - INFO - Data processing completed sucesfully
2026-01-04 17:24:46,005 - INFO - Starting our Model Training pipeline
2026-01-04 17:24:46,005 - INFO - Starting our MLFLOW experimentation
2026-01-04 17:24:46,005 - INFO - Logging the training and testing datset to MLFLOW
2026-01-04 17:24:46,400 - INFO - Loading data from artifacts/processed\processed_train.csv
2026-01-04 17:24:46,401 - INFO - Loading data
2026-01-04 17:24:47,119 - INFO - Loading data from artifacts/processed\processed_test.csv
2026-01-04 17:24:47,120 - INFO - Loading data
2026-01-04 17:24:47,368 - INFO - Data splitted sucefully for Model Training
2026-01-04 17:24:47,369 - INFO - Intializing our model
2026-01-04 17:24:47,369 - INFO - Starting our Hyperparamter tuning
2026-01-04 17:24:47,369 - INFO - Starting our Hyperparamter tuning
2026-01-04 17:25:08,030 - INFO - Hyperparamter tuning completed
2026-01-04 17:25:08,030 - INFO - Best paramters are : {'boosting_type': 'gbdt', 'learning_rate': np.float64(0.1293700315892974), 'max_depth': 23, 'n_estimators': 314, 'num_leaves': 94}
2026-01-04 17:25:08,030 - INFO - Evaluating our model
2026-01-04 17:25:08,211 - INFO - Accuracy Score : 0.8787158145065398
2026-01-04 17:25:08,211 - INFO - Precision Score : 0.8636675039963462
2026-01-04 17:25:08,211 - INFO - Recall Score : 0.8994054696789536
2026-01-04 17:25:08,211 - INFO - F1 Score : 0.8811742777260019
2026-01-04 17:25:08,212 - INFO - saving the model
2026-01-04 17:25:08,363 - INFO - Model saved to artifacts/models/lgbm_model.pkl
2026-01-04 17:25:08,363 - INFO - Logging the model into MLFLOW
2026-01-04 17:25:08,369 - INFO - Logging Params and metrics to MLFLOW
2026-01-04 17:25:08,414 - INFO - Model Training sucesfullly completed
